d:\p3\codepublisher\analyzer\x64\debug\vc140.pdb
d:\p3\codepublisher\analyzer\x64\debug\vc140.idb
d:\p3\codepublisher\analyzer\x64\debug\abstrsyntree.obj
d:\p3\codepublisher\analyzer\x64\debug\filemgr.obj
d:\p3\codepublisher\analyzer\x64\debug\filesystem.obj
d:\p3\codepublisher\analyzer\x64\debug\grammarhelpers.obj
d:\p3\codepublisher\analyzer\x64\debug\logger.obj
d:\p3\codepublisher\analyzer\x64\debug\actionsandrules.obj
d:\p3\codepublisher\analyzer\x64\debug\configureparser.obj
d:\p3\codepublisher\analyzer\x64\debug\parser.obj
d:\p3\codepublisher\analyzer\x64\debug\scopestack.obj
d:\p3\codepublisher\analyzer\x64\debug\semiexp.obj
d:\p3\codepublisher\analyzer\x64\debug\tokenizer.obj
d:\p3\codepublisher\analyzer\x64\debug\utilities.obj
d:\p3\codepublisher\analyzer\x64\debug\depanal.obj
d:\p3\codepublisher\analyzer\x64\debug\executive.obj
d:\p3\codepublisher\x64\debug\codeanalyzer.ilk
d:\p3\codepublisher\x64\debug\codeanalyzer.exe
d:\p3\codepublisher\x64\debug\codeanalyzer.pdb
d:\p3\codepublisher\analyzer\x64\debug\codeanalyzer.tlog\cl.command.1.tlog
d:\p3\codepublisher\analyzer\x64\debug\codeanalyzer.tlog\cl.read.1.tlog
d:\p3\codepublisher\analyzer\x64\debug\codeanalyzer.tlog\cl.write.1.tlog
d:\p3\codepublisher\analyzer\x64\debug\codeanalyzer.tlog\link.command.1.tlog
d:\p3\codepublisher\analyzer\x64\debug\codeanalyzer.tlog\link.read.1.tlog
d:\p3\codepublisher\analyzer\x64\debug\codeanalyzer.tlog\link.write.1.tlog
