d:\p3\codepublisher\parser\x64\debug\parser.pdb
d:\p3\codepublisher\parser\x64\debug\parser.idb
d:\p3\codepublisher\parser\x64\debug\abstrsyntree.obj
d:\p3\codepublisher\parser\x64\debug\filesystem.obj
d:\p3\codepublisher\parser\x64\debug\grammarhelpers.obj
d:\p3\codepublisher\parser\x64\debug\logger.obj
d:\p3\codepublisher\parser\x64\debug\scopestack.obj
d:\p3\codepublisher\parser\x64\debug\semiexp.obj
d:\p3\codepublisher\parser\x64\debug\tokenizer.obj
d:\p3\codepublisher\parser\x64\debug\utilities.obj
d:\p3\codepublisher\parser\x64\debug\actionsandrules.obj
d:\p3\codepublisher\parser\x64\debug\configureparser.obj
d:\p3\codepublisher\parser\x64\debug\parser.obj
d:\p3\codepublisher\x64\debug\parser.lib
d:\p3\codepublisher\x64\debug\parser.pdb
d:\p3\codepublisher\parser\x64\debug\parser.tlog\cl.command.1.tlog
d:\p3\codepublisher\parser\x64\debug\parser.tlog\cl.read.1.tlog
d:\p3\codepublisher\parser\x64\debug\parser.tlog\cl.write.1.tlog
d:\p3\codepublisher\parser\x64\debug\parser.tlog\lib-link.read.1.tlog
d:\p3\codepublisher\parser\x64\debug\parser.tlog\lib-link.write.1.tlog
d:\p3\codepublisher\parser\x64\debug\parser.tlog\lib.command.1.tlog
